<?xml version="1.0" encoding="UTF-8"?>
<!-- Generated by org.testng.reporters.JUnitReportReporter -->
<testsuite skipped="0" hostname="MSI" name="com.obsqura.testngcommands.SeleniumTestNG" tests="3" failures="0" timestamp="2021-11-16T22:26:44 IST" time="134.809" errors="0">
  <testcase name="verifyUserLogin" time="45.529" classname="com.obsqura.testngcommands.SeleniumTestNG"/>
  <system-out/>
  <testcase name="verifyUserLogin" time="47.281" classname="com.obsqura.testngcommands.SeleniumTestNG"/>
  <system-out/>
  <testcase name="verifyTitle" time="41.999" classname="com.obsqura.testngcommands.SeleniumTestNG"/>
  <system-out/>
</testsuite> <!-- com.obsqura.testngcommands.SeleniumTestNG -->
